Сборка начата 22.10.2015 16:58:23.
     1>Проект "C:\Users\andre\Documents\GitHub\cpp2\lab5(main)\lab5(main)\lab5(main).vcxproj" в узле 2 (целевые объекты Build).
     1>ClCompile:
         C:\Program Files (x86)\Microsoft Visual Studio 14.0\VC\bin\CL.exe /c /ZI /nologo /W3 /WX- /sdl /Od /Oy- /D WIN32 /D _DEBUG /D _CONSOLE /D _UNICODE /D UNICODE /Gm /EHsc /RTC1 /MDd /GS /fp:precise /Zc:wchar_t /Zc:forScope /Zc:inline /Fo"Debug\\" /Fd"Debug\vc140.pdb" /Gd /TP /analyze- /errorReport:prompt main.cpp
         main.cpp
       Link:
         C:\Program Files (x86)\Microsoft Visual Studio 14.0\VC\bin\link.exe /ERRORREPORT:PROMPT /OUT:"C:\Users\andre\Documents\GitHub\cpp2\lab5(main)\Debug\lab5(main).exe" /INCREMENTAL /NOLOGO kernel32.lib user32.lib gdi32.lib winspool.lib comdlg32.lib advapi32.lib shell32.lib ole32.lib oleaut32.lib uuid.lib odbc32.lib odbccp32.lib /MANIFEST /MANIFESTUAC:"level='asInvoker' uiAccess='false'" /manifest:embed /Debug /PDB:"C:\Users\andre\Documents\GitHub\cpp2\lab5(main)\Debug\lab5(main).pdb" /SUBSYSTEM:CONSOLE /TLBID:1 /DYNAMICBASE /NXCOMPAT /IMPLIB:"C:\Users\andre\Documents\GitHub\cpp2\lab5(main)\Debug\lab5(main).lib" /MACHINE:X86 Debug\ControllerSession.obj
         Debug\EmployeeLaboratory.obj
         Debug\Exam.obj
         Debug\FinalExam.obj
         Debug\Laboratory.obj
         Debug\main.obj
         Debug\PrintConsole.obj
         Debug\Question.obj
         Debug\Test.obj
         Debug\TestElement.obj
         lab5(main).vcxproj -> C:\Users\andre\Documents\GitHub\cpp2\lab5(main)\Debug\lab5(main).exe
     1>Сборка проекта "C:\Users\andre\Documents\GitHub\cpp2\lab5(main)\lab5(main)\lab5(main).vcxproj" завершена (целевые объекты Build).

Сборка успешно завершена.

Затраченное время: 00:00:02.33
